<?xml version="1.0" encoding="UTF-8" ?>

<testsuite failures="0" time="3.55" errors="0" skipped="0" tests="1" name="build.GoaTest">
  <testcase classname="build.GoaTest" name="checkAnnotationAfterConnection" time="3.55">
      </testcase>
</testsuite>
