<?xml version="1.0" encoding="UTF-8" ?>

<testsuite failures="0" time="2.339" errors="0" skipped="0" tests="4" name="build.DrugBankTest">
  <testcase classname="build.DrugBankTest" name="checkDrugDrugBank" time="0.706">
      </testcase>
  <testcase classname="build.DrugBankTest" name="checkPartnerDrugBank" time="0.545">
      </testcase>
  <testcase classname="build.DrugBankTest" name="checkUnknownRelationDrugBank" time="0.55">
      </testcase>
  <testcase classname="build.DrugBankTest" name="checkSpeciesDrugBank" time="0.538">
      </testcase>
</testsuite>
