<?xml version="1.0" encoding="UTF-8" ?>

<testsuite failures="0" time="20.156" errors="0" skipped="0" tests="1" name="build.DatabaseTest">
  <testcase classname="build.DatabaseTest" name="populateDbTest" time="20.156">
      </testcase>
</testsuite>
