<?xml version="1.0" encoding="UTF-8" ?>

<testsuite failures="0" time="0.466" errors="0" skipped="0" tests="1" name="build.NewStructure">
  <testcase classname="build.NewStructure" name="load" time="0.466">
      </testcase>
</testsuite>
