<?xml version="1.0" encoding="UTF-8" ?>

<testsuite failures="0" time="23.635" errors="0" skipped="0" tests="1" name="build.SerializeGoTest">
  <testcase classname="build.SerializeGoTest" name="serializeGOTest" time="23.635">
      </testcase>
</testsuite>
