<?xml version="1.0" encoding="UTF-8" ?>

<testsuite failures="0" time="4.016" errors="0" skipped="0" tests="3" name="build.GoContentTest">
  <testcase classname="build.GoContentTest" name="testGetParents" time="1.335">
      </testcase>
  <testcase classname="build.GoContentTest" name="testTerms" time="1.407">
      </testcase>
  <testcase classname="build.GoContentTest" name="testRelationsTerms" time="1.274">
      </testcase>
</testsuite>
