<?xml version="1.0" encoding="UTF-8" ?>

<testsuite failures="0" time="32.949" errors="0" skipped="0" tests="3" name="build.BuilderTest">
  <testcase classname="build.BuilderTest" name="addGoAnnotationTest" time="0">
      </testcase>
  <testcase classname="build.BuilderTest" name="serializeDrugBankTest" time="0">
      </testcase>
  <testcase classname="build.BuilderTest" name="serializeGOTest" time="32.949">
      </testcase>
</testsuite>
