<?xml version="1.0" encoding="UTF-8" ?>

<testsuite failures="0" time="43.967" errors="0" skipped="0" tests="1" name="build.SerializeDrugBankTest">
  <testcase classname="build.SerializeDrugBankTest" name="serializeDrugBankTest" time="43.967">
      </testcase>
</testsuite>
