<?xml version="1.0" encoding="UTF-8" ?>

<testsuite failures="0" time="1300.827" errors="0" skipped="0" tests="1" name="build.SerializeGoaTest">
  <testcase classname="build.SerializeGoaTest" name="addGoAnnotationTest" time="1300.827">
      </testcase>
</testsuite>
